<?xml version="1.0" encoding="UTF-8"?>
<!-- Generated by org.testng.reporters.JUnitReportReporter -->
<testsuite skipped="0" hostname="DESKTOP-8SKO70U" name="testCases.UnitTests" tests="1" failures="0" timestamp="01 Jun 2019 12:00:19 GMT" time="0.034" errors="0">
  <testcase name="printTest" time="0.034" classname="testCases.UnitTests"/>
</testsuite> <!-- testCases.UnitTests -->
