<?xml version="1.0" encoding="UTF-8"?>
<!-- Generated by org.testng.reporters.JUnitReportReporter -->
<testsuite skipped="0" hostname="DESKTOP-8SKO70U" name="testCases.UnitTests" tests="1" failures="0" timestamp="02 Jun 2019 05:55:01 GMT" time="0.024" errors="0">
  <testcase name="printTest" time="0.024" classname="testCases.UnitTests"/>
</testsuite> <!-- testCases.UnitTests -->
