<?xml version="1.0" encoding="UTF-8"?>
<!-- Generated by org.testng.reporters.JUnitReportReporter -->
<testsuite skipped="0" hostname="DESKTOP-8SKO70U" name="testCases.UnitTests" tests="1" failures="0" timestamp="11 Jun 2019 09:53:22 GMT" time="0.026" errors="0">
  <testcase name="printTest" time="0.026" classname="testCases.UnitTests"/>
</testsuite> <!-- testCases.UnitTests -->
