<?xml version="1.0" encoding="UTF-8"?>
<!-- Generated by org.testng.reporters.JUnitReportReporter -->
<testsuite skipped="0" hostname="DESKTOP-8SKO70U" name="sampleWorkflow.TeamCity_build" tests="1" failures="0" timestamp="01 Jun 2019 09:03:17 GMT" time="32.683" errors="0">
  <testcase name="autoComplete" time="32.683" classname="sampleWorkflow.TeamCity_build"/>
</testsuite> <!-- sampleWorkflow.TeamCity_build -->
