<?xml version="1.0" encoding="UTF-8"?>
<!-- Generated by org.testng.reporters.JUnitReportReporter -->
<testsuite skipped="0" hostname="DESKTOP-8SKO70U" name="sampleWorkflow.TeamCity_build" tests="1" failures="0" timestamp="02 Jun 2019 07:16:53 GMT" time="45.879" errors="0">
  <testcase name="autoComplete" time="45.879" classname="sampleWorkflow.TeamCity_build"/>
</testsuite> <!-- sampleWorkflow.TeamCity_build -->
