<?xml version="1.0" encoding="UTF-8"?>
<!-- Generated by org.testng.reporters.JUnitReportReporter -->
<testsuite skipped="0" hostname="DESKTOP-8SKO70U" name="sampleWorkflow.TeamCity_build" tests="1" failures="0" timestamp="11 Jun 2019 10:11:03 GMT" time="8.845" errors="0">
  <testcase name="autoComplete" time="8.845" classname="sampleWorkflow.TeamCity_build"/>
</testsuite> <!-- sampleWorkflow.TeamCity_build -->
